c:\source\contilocker_v2\locker\release\vc140.pdb
c:\source\contilocker_v2\locker\release\threadpool.obj
c:\source\contilocker_v2\locker\release\search.obj
c:\source\contilocker_v2\locker\release\process_killer.obj
c:\source\contilocker_v2\locker\release\network_scanner.obj
c:\source\contilocker_v2\locker\release\memory.obj
c:\source\contilocker_v2\locker\release\main.obj
c:\source\contilocker_v2\locker\release\logs.obj
c:\source\contilocker_v2\locker\release\locker.obj
c:\source\contilocker_v2\locker\release\hash.obj
c:\source\contilocker_v2\locker\release\global_parameters.obj
c:\source\contilocker_v2\locker\release\disks.obj
c:\source\contilocker_v2\locker\release\api.obj
c:\source\contilocker_v2\locker\release\antihooks.obj
c:\source\contilocker_v2\locker\release\chacha.obj
c:\source\contilocker_v2\release\locker.exe
c:\source\contilocker_v2\release\locker.ipdb
c:\source\contilocker_v2\release\locker.iobj
c:\source\contilocker_v2\locker\release\locker.tlog\cl.command.1.tlog
c:\source\contilocker_v2\locker\release\locker.tlog\cl.read.1.tlog
c:\source\contilocker_v2\locker\release\locker.tlog\cl.write.1.tlog
c:\source\contilocker_v2\locker\release\locker.tlog\link.command.1.tlog
c:\source\contilocker_v2\locker\release\locker.tlog\link.read.1.tlog
c:\source\contilocker_v2\locker\release\locker.tlog\link.write.1.tlog
