c:\source\contilocker_v2\decryptor\debug\vc142.pdb
c:\source\contilocker_v2\decryptor\debug\vc142.idb
c:\source\contilocker_v2\decryptor\debug\chacha.obj
c:\source\contilocker_v2\decryptor\debug\threadpool.obj
c:\source\contilocker_v2\decryptor\debug\search.obj
c:\source\contilocker_v2\decryptor\debug\network_scanner.obj
c:\source\contilocker_v2\decryptor\debug\memory.obj
c:\source\contilocker_v2\decryptor\debug\main.obj
c:\source\contilocker_v2\decryptor\debug\decryptor.obj
c:\source\contilocker_v2\decryptor\debug\global_parameters.obj
c:\source\contilocker_v2\decryptor\debug\disks.obj
c:\source\contilocker_v2\debug\decryptor.exe
c:\source\contilocker_v2\debug\decryptor.ilk
c:\source\contilocker_v2\debug\decryptor.pdb
c:\source\contilocker_v2\decryptor\debug\decryptor.tlog\cl.command.1.tlog
c:\source\contilocker_v2\decryptor\debug\decryptor.tlog\cl.read.1.tlog
c:\source\contilocker_v2\decryptor\debug\decryptor.tlog\cl.write.1.tlog
c:\source\contilocker_v2\decryptor\debug\decryptor.tlog\link.command.1.tlog
c:\source\contilocker_v2\decryptor\debug\decryptor.tlog\link.read.1.tlog
c:\source\contilocker_v2\decryptor\debug\decryptor.tlog\link.write.1.tlog
