c:\source\contilocker_v2\decryptor\release\vc140.pdb
c:\source\contilocker_v2\decryptor\release\chacha.obj
c:\source\contilocker_v2\decryptor\release\threadpool.obj
c:\source\contilocker_v2\decryptor\release\search.obj
c:\source\contilocker_v2\decryptor\release\network_scanner.obj
c:\source\contilocker_v2\decryptor\release\memory.obj
c:\source\contilocker_v2\decryptor\release\main.obj
c:\source\contilocker_v2\decryptor\release\decryptor.obj
c:\source\contilocker_v2\decryptor\release\global_parameters.obj
c:\source\contilocker_v2\decryptor\release\disks.obj
c:\source\contilocker_v2\release\decryptor.exe
c:\source\contilocker_v2\release\decryptor.ipdb
c:\source\contilocker_v2\release\decryptor.iobj
c:\source\contilocker_v2\release\decryptor.pdb
c:\source\contilocker_v2\decryptor\release\decryptor.tlog\cl.command.1.tlog
c:\source\contilocker_v2\decryptor\release\decryptor.tlog\cl.read.1.tlog
c:\source\contilocker_v2\decryptor\release\decryptor.tlog\cl.write.1.tlog
c:\source\contilocker_v2\decryptor\release\decryptor.tlog\link.command.1.tlog
c:\source\contilocker_v2\decryptor\release\decryptor.tlog\link.read.1.tlog
c:\source\contilocker_v2\decryptor\release\decryptor.tlog\link.write.1.tlog
