c:\source\contilocker_v2\locker\debug\vc142.pdb
c:\source\contilocker_v2\locker\debug\vc142.idb
c:\source\contilocker_v2\locker\debug\threadpool.obj
c:\source\contilocker_v2\locker\debug\search.obj
c:\source\contilocker_v2\locker\debug\network_scanner.obj
c:\source\contilocker_v2\locker\debug\memory.obj
c:\source\contilocker_v2\locker\debug\main.obj
c:\source\contilocker_v2\locker\debug\logs.obj
c:\source\contilocker_v2\locker\debug\locker.obj
c:\source\contilocker_v2\locker\debug\hash.obj
c:\source\contilocker_v2\locker\debug\global_parameters.obj
c:\source\contilocker_v2\locker\debug\disks.obj
c:\source\contilocker_v2\locker\debug\api.obj
c:\source\contilocker_v2\locker\debug\antihooks.obj
c:\source\contilocker_v2\locker\debug\vc140.pdb
c:\source\contilocker_v2\locker\debug\vc140.idb
c:\source\contilocker_v2\locker\debug\chacha.obj
c:\source\contilocker_v2\debug\locker.ilk
c:\source\contilocker_v2\debug\locker.exe
c:\source\contilocker_v2\debug\locker.pdb
c:\source\contilocker_v2\locker\debug\locker.tlog\cl.command.1.tlog
c:\source\contilocker_v2\locker\debug\locker.tlog\cl.read.1.tlog
c:\source\contilocker_v2\locker\debug\locker.tlog\cl.write.1.tlog
c:\source\contilocker_v2\locker\debug\locker.tlog\link.command.1.tlog
c:\source\contilocker_v2\locker\debug\locker.tlog\link.read.1.tlog
c:\source\contilocker_v2\locker\debug\locker.tlog\link.write.1.tlog
